<?xml version="1.0" encoding="UTF-8"?>
<testng-results ignored="0" total="2" passed="2" failed="0" skipped="0">
  <reporter-output>
  </reporter-output>
  <suite started-at="2025-02-12T12:38:02 IST" name="REST Assured Test Suite" finished-at="2025-02-12T12:38:12 IST" duration-ms="10526">
    <groups>
    </groups>
    <test started-at="2025-02-12T12:38:02 IST" name="API Tests" finished-at="2025-02-12T12:38:12 IST" duration-ms="10526">
      <class name="api.testGETRequest$APITest">
        <test-method signature="testGETRequest()[pri:0, instance:api.testGETRequest$APITest@47eaca72]" started-at="2025-02-12T12:38:08 IST" name="testGETRequest" finished-at="2025-02-12T12:38:12 IST" duration-ms="4304" status="PASS">
          <reporter-output>
          </reporter-output>
        </test-method> <!-- testGETRequest -->
      </class> <!-- api.testGETRequest$APITest -->
      <class name="api.SimpleGetRequestTest">
        <test-method signature="testGetRequest()[pri:0, instance:api.SimpleGetRequestTest@128d2484]" started-at="2025-02-12T12:38:02 IST" name="testGetRequest" finished-at="2025-02-12T12:38:08 IST" duration-ms="6133" status="PASS">
          <reporter-output>
          </reporter-output>
        </test-method> <!-- testGetRequest -->
      </class> <!-- api.SimpleGetRequestTest -->
    </test> <!-- API Tests -->
  </suite> <!-- REST Assured Test Suite -->
</testng-results>
